<?xml version="1.0" encoding="UTF-8"?>
<!-- Generated by org.testng.reporters.JUnitReportReporter -->
<testsuite hostname="DESKTOP-1Q7D8OU" failures="0" tests="7" name="testClassPkg.TestLoginPage" time="69.708" errors="0" timestamp="2022-04-01T16:16:37 IST" skipped="0">
  <testcase classname="testClassPkg.TestLoginPage" name="loginPage" time="6.938"/>
  <system-out/>
  <testcase classname="testClassPkg.TestLoginPage" name="invalidLoginPage" time="4.228"/>
  <system-out/>
  <testcase classname="testClassPkg.TestLoginPage" name="loginPage" time="15.868"/>
  <system-out/>
  <testcase classname="testClassPkg.TestLoginPage" name="invalidLoginPage" time="4.701"/>
  <system-out/>
  <testcase classname="testClassPkg.TestLoginPage" name="loginPage" time="6.720"/>
  <system-out/>
  <testcase classname="testClassPkg.TestLoginPage" name="loginPage" time="24.657"/>
  <system-out/>
  <testcase classname="testClassPkg.TestLoginPage" name="invalidLoginPage" time="6.596"/>
  <system-out/>
</testsuite> <!-- testClassPkg.TestLoginPage -->
