<?xml version="1.0" encoding="UTF-8"?>
<!-- Generated by org.testng.reporters.JUnitReportReporter -->
<testsuite hostname="DESKTOP-1Q7D8OU" failures="0" tests="7" name="testClassPkg.TestLoginPage" time="344.876" errors="0" timestamp="2022-04-04T15:04:41 IST" skipped="0">
  <testcase classname="testClassPkg.TestLoginPage" name="invalidLoginPage" time="37.025"/>
  <system-out/>
  <testcase classname="testClassPkg.TestLoginPage" name="invalidLoginPage" time="42.513"/>
  <system-out/>
  <testcase classname="testClassPkg.TestLoginPage" name="invalidLoginPage" time="39.579"/>
  <system-out/>
  <testcase classname="testClassPkg.TestLoginPage" name="loginPage" time="15.823"/>
  <system-out/>
  <testcase classname="testClassPkg.TestLoginPage" name="loginPage" time="145.471"/>
  <system-out/>
  <testcase classname="testClassPkg.TestLoginPage" name="loginPage" time="10.924"/>
  <system-out/>
  <testcase classname="testClassPkg.TestLoginPage" name="loginPage" time="53.541"/>
  <system-out/>
</testsuite> <!-- testClassPkg.TestLoginPage -->
